

Starting up. 20:37.44
---------------------
Adding game mode blob (blob) to configuration.
Adding game mode changeling (changeling) to configuration.
Adding game mode traitor+changeling (traitorchan) to configuration.
Adding game mode double agents (double_agents) to configuration.
Adding game mode traitor (traitor) to configuration.
Adding game mode cult (cult) to configuration.
Adding game mode extended (extended) to configuration.
Adding game mode gang war (gang) to configuration.
Adding game mode hand of god (handofgod) to configuration.
Adding game mode meteor (meteor) to configuration.
Adding game mode abduction (abduction) to configuration.
Adding game mode monkey (monkey) to configuration.
Adding game mode nuclear emergency (nuclear) to configuration.
Adding game mode revolution (revolution) to configuration.
Adding game mode sandbox (sandbox) to configuration.
Adding game mode shadowling (shadowling) to configuration.
Adding game mode very ragin' bullshit mages (veryraginbullshitmages) to configuration.
Adding game mode ragin' mages (raginmages) to configuration.
Adding game mode wizard (wizard) to configuration.
Unknown game mode probability configuration definition: malfunction.
Unknown continuous configuration definition: malfunction.
Unknown midround antagonist configuration definition: malfunction.
Saved mode is 'traitor'
[20:37:44]ADMIN: Loading appearance_rank
[20:37:44]ADMIN: appearance_keylist was empty
[20:37:44]ADMIN: Loading Banlist


Starting up. 20:38.44
---------------------
Adding game mode blob (blob) to configuration.
Adding game mode changeling (changeling) to configuration.
Adding game mode traitor+changeling (traitorchan) to configuration.
Adding game mode double agents (double_agents) to configuration.
Adding game mode traitor (traitor) to configuration.
Adding game mode cult (cult) to configuration.
Adding game mode extended (extended) to configuration.
Adding game mode gang war (gang) to configuration.
Adding game mode hand of god (handofgod) to configuration.
Adding game mode meteor (meteor) to configuration.
Adding game mode abduction (abduction) to configuration.
Adding game mode monkey (monkey) to configuration.
Adding game mode nuclear emergency (nuclear) to configuration.
Adding game mode revolution (revolution) to configuration.
Adding game mode sandbox (sandbox) to configuration.
Adding game mode shadowling (shadowling) to configuration.
Adding game mode very ragin' bullshit mages (veryraginbullshitmages) to configuration.
Adding game mode ragin' mages (raginmages) to configuration.
Adding game mode wizard (wizard) to configuration.
Unknown game mode probability configuration definition: malfunction.
Unknown continuous configuration definition: malfunction.
Unknown midround antagonist configuration definition: malfunction.
Saved mode is 'traitor'
[20:38:44]ADMIN: Loading appearance_rank
[20:38:44]ADMIN: appearance_keylist was empty
[20:38:44]ADMIN: Loading Banlist
[20:38:59]ACCESS: Login: GeroldMcCoy007/(GeroldMcCoy007) from 127.0.0.1-3967634914 || BYOND v509
[20:39:11]ADMIN: GeroldMcCoy007 has started the game.
[20:39:25]ADMIN: GeroldMcCoy007/(GeroldMcCoy007) set the mode as extended.
[20:39:29]ADMIN: GeroldMcCoy007 has started the game.
[20:39:32]GAME: *null* has triggered a gibtonite deposit reaction at Mine (104, 25, 5).
[20:39:32]GAME: Explosion with size (-1, -1, 1, 0) in area Mine (29,182,5)
[20:39:34]GAME: SQL ERROR obtaining jobbans. Error : [not connected]

[20:39:36]ACCESS: Logout: *no key*/(GeroldMcCoy007)
[20:39:36]ACCESS: Login: GeroldMcCoy007/(Gerold McCoy) from 127.0.0.1-3967634914 || BYOND v509
[20:39:37]EMOTE: Runtime/ : <B>Runtime</B> meows
[20:39:37]SAY: Officer Beepsky/ : Engaging patrol mode.
[20:39:37]SAY: Prison Ofitser/ : Engaging patrol mode.
[20:39:39]EMOTE: Poly/ : <B>Poly</B> turns and flies towards the pen.
[20:39:39]ACCESS: Logout: GeroldMcCoy007[DC]/(Gerold McCoy)


Starting up. 20:47.29
---------------------
Adding game mode blob (blob) to configuration.
Adding game mode changeling (changeling) to configuration.
Adding game mode traitor+changeling (traitorchan) to configuration.
Adding game mode double agents (double_agents) to configuration.
Adding game mode traitor (traitor) to configuration.
Adding game mode cult (cult) to configuration.
Adding game mode extended (extended) to configuration.
Adding game mode gang war (gang) to configuration.
Adding game mode hand of god (handofgod) to configuration.
Adding game mode meteor (meteor) to configuration.
Adding game mode abduction (abduction) to configuration.
Adding game mode monkey (monkey) to configuration.
Adding game mode nuclear emergency (nuclear) to configuration.
Adding game mode revolution (revolution) to configuration.
Adding game mode sandbox (sandbox) to configuration.
Adding game mode shadowling (shadowling) to configuration.
Adding game mode very ragin' bullshit mages (veryraginbullshitmages) to configuration.
Adding game mode ragin' mages (raginmages) to configuration.
Adding game mode wizard (wizard) to configuration.
Unknown game mode probability configuration definition: malfunction.
Unknown continuous configuration definition: malfunction.
Unknown midround antagonist configuration definition: malfunction.
Saved mode is 'extended'
[20:47:29]ADMIN: Loading appearance_rank
[20:47:29]ADMIN: appearance_keylist was empty
[20:47:29]ADMIN: Loading Banlist
[20:47:50]ACCESS: Login: GeroldMcCoy007/(GeroldMcCoy007) from 127.0.0.1-3967634914 || BYOND v509
[20:48:14]ADMIN: GeroldMcCoy007 has started the game.
[20:48:24]SAY: Prison Ofitser/ : Engaging patrol mode.
[20:48:27]SAY: Prison Ofitser/ : Engaging patrol mode.
[20:48:31]SAY: Prison Ofitser/ : Engaging patrol mode.
[20:48:35]SAY: Prison Ofitser/ : Engaging patrol mode.
[20:48:37]SAY: Prison Ofitser/ : Unable to start patrol.
[20:49:52]ACCESS: Logout: GeroldMcCoy007[DC]/(GeroldMcCoy007)


Starting up. 21:00.55
---------------------
Adding game mode blob (blob) to configuration.
Adding game mode changeling (changeling) to configuration.
Adding game mode traitor+changeling (traitorchan) to configuration.
Adding game mode double agents (double_agents) to configuration.
Adding game mode traitor (traitor) to configuration.
Adding game mode cult (cult) to configuration.
Adding game mode extended (extended) to configuration.
Adding game mode gang war (gang) to configuration.
Adding game mode hand of god (handofgod) to configuration.
Adding game mode meteor (meteor) to configuration.
Adding game mode abduction (abduction) to configuration.
Adding game mode monkey (monkey) to configuration.
Adding game mode nuclear emergency (nuclear) to configuration.
Adding game mode revolution (revolution) to configuration.
Adding game mode sandbox (sandbox) to configuration.
Adding game mode shadowling (shadowling) to configuration.
Adding game mode very ragin' bullshit mages (veryraginbullshitmages) to configuration.
Adding game mode ragin' mages (raginmages) to configuration.
Adding game mode wizard (wizard) to configuration.
Unknown game mode probability configuration definition: malfunction.
Unknown continuous configuration definition: malfunction.
Unknown midround antagonist configuration definition: malfunction.
Saved mode is 'extended'
[21:00:55]ADMIN: Loading appearance_rank
[21:00:55]ADMIN: appearance_keylist was empty
[21:00:55]ADMIN: Loading Banlist
[21:01:17]ACCESS: Login: GeroldMcCoy007/(GeroldMcCoy007) from 127.0.0.1-3967634914 || BYOND v509
[21:01:24]ADMIN: GeroldMcCoy007 has started the game.
[21:01:32]SAY: Prison Ofitser/ : Engaging patrol mode.
[21:01:36]SAY: Prison Ofitser/ : Engaging patrol mode.
[21:01:40]SAY: Prison Ofitser/ : Engaging patrol mode.
[21:01:44]SAY: Prison Ofitser/ : Engaging patrol mode.
[21:01:46]SAY: Prison Ofitser/ : Unable to start patrol.
[21:01:54]SAY: Medibot/ : Delicious!
[21:01:56]GAME: <span class='boldannounce'>Rebooting World. Initiated by GeroldMcCoy007.</span>
[21:01:56]ACCESS: Logout: GeroldMcCoy007[DC]/(GeroldMcCoy007)


Starting up. 21:02.31
---------------------
Adding game mode blob (blob) to configuration.
Adding game mode changeling (changeling) to configuration.
Adding game mode traitor+changeling (traitorchan) to configuration.
Adding game mode double agents (double_agents) to configuration.
Adding game mode traitor (traitor) to configuration.
Adding game mode cult (cult) to configuration.
Adding game mode extended (extended) to configuration.
Adding game mode gang war (gang) to configuration.
Adding game mode hand of god (handofgod) to configuration.
Adding game mode meteor (meteor) to configuration.
Adding game mode abduction (abduction) to configuration.
Adding game mode monkey (monkey) to configuration.
Adding game mode nuclear emergency (nuclear) to configuration.
Adding game mode revolution (revolution) to configuration.
Adding game mode sandbox (sandbox) to configuration.
Adding game mode shadowling (shadowling) to configuration.
Adding game mode very ragin' bullshit mages (veryraginbullshitmages) to configuration.
Adding game mode ragin' mages (raginmages) to configuration.
Adding game mode wizard (wizard) to configuration.
Unknown game mode probability configuration definition: malfunction.
Unknown continuous configuration definition: malfunction.
Unknown midround antagonist configuration definition: malfunction.
Saved mode is 'extended'
[21:02:31]ADMIN: Loading appearance_rank
[21:02:31]ADMIN: appearance_keylist was empty
[21:02:31]ADMIN: Loading Banlist
[21:02:33]ACCESS: Login: GeroldMcCoy007/(GeroldMcCoy007) from 127.0.0.1-3967634914 || BYOND v509
[21:02:44]ADMIN: GeroldMcCoy007 has started the game.
[21:02:47]GAME: SQL ERROR obtaining jobbans. Error : [not connected]

[21:02:47]ACCESS: Logout: *no key*/(GeroldMcCoy007)
[21:02:47]ACCESS: Login: GeroldMcCoy007/(Gerold McCoy) from 127.0.0.1-3967634914 || BYOND v509
[21:02:53]SAY: Prison Ofitser/ : Engaging patrol mode.
[21:02:55]ADMIN: GeroldMcCoy007/(Gerold McCoy) jumped to 1,167,2 in the start area
[21:02:57]SAY: Prison Ofitser/ : Engaging patrol mode.
[21:03:01]SAY: Prison Ofitser/ : Engaging patrol mode.
[21:03:05]SAY: Prison Ofitser/ : Engaging patrol mode.
[21:03:07]SAY: Prison Ofitser/ : Unable to start patrol.
[21:03:12]ADMIN: GeroldMcCoy007/(Gerold McCoy) jumped to 175,176,6 in Fore Block
[21:03:21]ADMIN: GeroldMcCoy007/(Gerold McCoy) jumped to 119,74,1 in Bridge
[21:03:41]ADMIN: GeroldMcCoy007/(Gerold McCoy) admin ghosted
[21:03:41]ACCESS: Logout: *no key*/(Gerold McCoy)
[21:03:41]ACCESS: Login: GeroldMcCoy007/(Gerold McCoy) from 127.0.0.1-3967634914 || BYOND v509
[21:04:18]ADMIN: GeroldMcCoy007/(Gerold McCoy) has modified world.fps to 16
[21:05:05]ADMIN: GeroldMcCoy007/(Gerold McCoy) teleported GeroldMcCoy007/(Gerold McCoy)
[21:05:15]ADMIN: GeroldMcCoy007/(Gerold McCoy) teleported @GeroldMcCoy007[DC]/(Gerold McCoy)
[21:05:17]ACCESS: Logout: *no key*/(Gerold McCoy)
[21:05:17]ACCESS: Login: GeroldMcCoy007/(Gerold McCoy) from 127.0.0.1-3967634914 || BYOND v509
[21:05:56]ADMIN: GeroldMcCoy007/(Gerold McCoy) changed the equipment of GeroldMcCoy007/(Gerold McCoy) to Chief Engineer.
[21:06:23]ADMIN: GeroldMcCoy007/(Gerold McCoy) spawned /obj/item/clothing/shoes/magboots/advance at (170,162,1)
[21:07:16]ADMIN: GeroldMcCoy007/(Gerold McCoy) admin ghosted
[21:07:16]ACCESS: Logout: *no key*/(Gerold McCoy)
[21:07:16]ACCESS: Login: GeroldMcCoy007/(Gerold McCoy) from 127.0.0.1-3967634914 || BYOND v509
[21:07:36]ADMIN: GeroldMcCoy007/(Gerold McCoy) teleported @GeroldMcCoy007[DC]/(Gerold McCoy)
[21:07:39]ACCESS: Logout: *no key*/(Gerold McCoy)
[21:07:39]ACCESS: Login: GeroldMcCoy007/(Gerold McCoy) from 127.0.0.1-3967634914 || BYOND v509
[21:08:12]SAY: Medibot/ : What kind of medbay is this? Everyone&#39;s dropping like dead flies.
[21:10:35]ACCESS: Logout: GeroldMcCoy007[DC]/(Gerold McCoy)


Starting up. 22:15.31
---------------------
Adding game mode blob (blob) to configuration.
Adding game mode changeling (changeling) to configuration.
Adding game mode traitor+changeling (traitorchan) to configuration.
Adding game mode double agents (double_agents) to configuration.
Adding game mode traitor (traitor) to configuration.
Adding game mode cult (cult) to configuration.
Adding game mode extended (extended) to configuration.
Adding game mode gang war (gang) to configuration.
Adding game mode hand of god (handofgod) to configuration.
Adding game mode meteor (meteor) to configuration.
Adding game mode abduction (abduction) to configuration.
Adding game mode monkey (monkey) to configuration.
Adding game mode nuclear emergency (nuclear) to configuration.
Adding game mode revolution (revolution) to configuration.
Adding game mode sandbox (sandbox) to configuration.
Adding game mode shadowling (shadowling) to configuration.
Adding game mode very ragin' bullshit mages (veryraginbullshitmages) to configuration.
Adding game mode ragin' mages (raginmages) to configuration.
Adding game mode wizard (wizard) to configuration.
Unknown game mode probability configuration definition: malfunction.
Unknown continuous configuration definition: malfunction.
Unknown midround antagonist configuration definition: malfunction.
Saved mode is 'extended'
[22:15:31]ADMIN: Loading appearance_rank
[22:15:31]ADMIN: appearance_keylist was empty
[22:15:31]ADMIN: Loading Banlist
[22:16:05]ACCESS: Login: GeroldMcCoy007/(GeroldMcCoy007) from 127.0.0.1-3967634914 || BYOND v509
[22:16:10]GAME: SQL ERROR obtaining jobbans. Error : [not connected]

[22:16:20]ADMIN: GeroldMcCoy007 has started the game.
[22:16:23]ACCESS: Logout: *no key*/(GeroldMcCoy007)
[22:16:23]ACCESS: Login: GeroldMcCoy007/(Gerold McCoy) from 127.0.0.1-3967634914 || BYOND v509
[22:16:27]GAME: Explosion with size (-1, -1, 1, 0) in area Mine (61,67,5)
[22:16:29]SAY: Prison Ofitser/ : Engaging patrol mode.
[22:16:32]SAY: Prison Ofitser/ : Engaging patrol mode.
[22:16:36]SAY: Prison Ofitser/ : Engaging patrol mode.
[22:16:40]SAY: Prison Ofitser/ : Engaging patrol mode.
[22:16:42]SAY: Prison Ofitser/ : Unable to start patrol.
[22:16:56]SAY: Medibot/ : What kind of medbay is this? Everyone&#39;s dropping like dead flies.
[22:17:48]SAY: Medibot/ : What kind of medbay is this? Everyone&#39;s dropping like dead flies.
[22:18:14]EMOTE: mouse/ : <B>The mouse</B> shakes.
[22:18:16]SAY: Medibot/ : I knew it, I should&#39;ve been a plastic surgeon.
[22:18:31]ACCESS: Logout: GeroldMcCoy007[DC]/(Gerold McCoy)


Starting up. 22:52.33
---------------------
Adding game mode blob (blob) to configuration.
Adding game mode changeling (changeling) to configuration.
Adding game mode traitor+changeling (traitorchan) to configuration.
Adding game mode double agents (double_agents) to configuration.
Adding game mode traitor (traitor) to configuration.
Adding game mode cult (cult) to configuration.
Adding game mode extended (extended) to configuration.
Adding game mode gang war (gang) to configuration.
Adding game mode hand of god (handofgod) to configuration.
Adding game mode meteor (meteor) to configuration.
Adding game mode abduction (abduction) to configuration.
Adding game mode monkey (monkey) to configuration.
Adding game mode nuclear emergency (nuclear) to configuration.
Adding game mode revolution (revolution) to configuration.
Adding game mode sandbox (sandbox) to configuration.
Adding game mode shadowling (shadowling) to configuration.
Adding game mode very ragin' bullshit mages (veryraginbullshitmages) to configuration.
Adding game mode ragin' mages (raginmages) to configuration.
Adding game mode wizard (wizard) to configuration.
Unknown game mode probability configuration definition: malfunction.
Unknown continuous configuration definition: malfunction.
Unknown midround antagonist configuration definition: malfunction.
Saved mode is 'extended'
[22:52:34]ADMIN: Loading appearance_rank
[22:52:34]ADMIN: appearance_keylist was empty
[22:52:34]ADMIN: Loading Banlist
[22:53:00]ACCESS: Login: GeroldMcCoy007/(GeroldMcCoy007) from 127.0.0.1-3967634914 || BYOND v509
[22:53:08]ADMIN: GeroldMcCoy007 has started the game.
[22:53:12]GAME: SQL ERROR obtaining jobbans. Error : [not connected]

[22:53:12]ACCESS: Logout: *no key*/(GeroldMcCoy007)
[22:53:12]ACCESS: Login: GeroldMcCoy007/(Gerold McCoy) from 127.0.0.1-3967634914 || BYOND v509
[22:53:17]SAY: Prison Ofitser/ : Engaging patrol mode.
[22:53:21]SAY: Prison Ofitser/ : Engaging patrol mode.
[22:53:25]SAY: Prison Ofitser/ : Engaging patrol mode.
[22:53:29]SAY: Prison Ofitser/ : Engaging patrol mode.
[22:53:31]SAY: Prison Ofitser/ : Unable to start patrol.
[22:53:57]SAY: mouse/ : Squeek!
[22:54:13]SAY: Medibot/ : Delicious!
[22:55:48]ACCESS: Logout: GeroldMcCoy007[DC]/(Gerold McCoy)
[22:55:50]ACCESS: Login: GeroldMcCoy007/(Gerold McCoy) from 127.0.0.1-3967634914 || BYOND v509
[22:55:56]ACCESS: Logout: GeroldMcCoy007[DC]/(Gerold McCoy)
