

Starting up. 12:20.59
---------------------
Adding game mode blob (blob) to configuration.
Adding game mode changeling (changeling) to configuration.
Adding game mode traitor+changeling (traitorchan) to configuration.
Adding game mode double agents (double_agents) to configuration.
Adding game mode traitor (traitor) to configuration.
Adding game mode cult (cult) to configuration.
Adding game mode extended (extended) to configuration.
Adding game mode gang war (gang) to configuration.
Adding game mode hand of god (handofgod) to configuration.
Adding game mode meteor (meteor) to configuration.
Adding game mode abduction (abduction) to configuration.
Adding game mode monkey (monkey) to configuration.
Adding game mode nuclear emergency (nuclear) to configuration.
Adding game mode revolution (revolution) to configuration.
Adding game mode sandbox (sandbox) to configuration.
Adding game mode shadowling (shadowling) to configuration.
Adding game mode very ragin' bullshit mages (veryraginbullshitmages) to configuration.
Adding game mode ragin' mages (raginmages) to configuration.
Adding game mode wizard (wizard) to configuration.
Unknown game mode probability configuration definition: malfunction.
Unknown continuous configuration definition: malfunction.
Unknown midround antagonist configuration definition: malfunction.
Saved mode is 'extended'
[12:20:59]ADMIN: Loading appearance_rank
[12:20:59]ADMIN: appearance_keylist was empty
[12:20:59]ADMIN: Loading Banlist
[12:21:53]ACCESS: Login: GeroldMcCoy007/(GeroldMcCoy007) from 127.0.0.1-3967634914 || BYOND v509
[12:22:05]ADMIN: GeroldMcCoy007 has started the game.
[12:22:09]GAME: SQL ERROR obtaining jobbans. Error : [not connected]

[12:22:09]ACCESS: Logout: *no key*/(GeroldMcCoy007)
[12:22:09]ACCESS: Login: GeroldMcCoy007/(Gerold McCoy) from 127.0.0.1-3967634914 || BYOND v509
[12:22:13]GAME: Explosion with size (-1, -1, 1, 0) in area Mine (67,139,5)
[12:22:14]SAY: Prison Ofitser/ : Engaging patrol mode.
[12:22:18]ADMIN: GeroldMcCoy007/(Gerold McCoy) jumped to 1,167,2 in the start area
[12:22:19]SAY: Prison Ofitser/ : Engaging patrol mode.
[12:22:22]SAY: Prison Ofitser/ : Engaging patrol mode.
[12:22:27]SAY: Prison Ofitser/ : Engaging patrol mode.
[12:22:28]GAME: <span class='boldannounce'>Rebooting World. Initiated by GeroldMcCoy007.</span>
[12:22:28]ACCESS: Logout: GeroldMcCoy007[DC]/(Gerold McCoy)


Starting up. 12:23.02
---------------------
Adding game mode blob (blob) to configuration.
Adding game mode changeling (changeling) to configuration.
Adding game mode traitor+changeling (traitorchan) to configuration.
Adding game mode double agents (double_agents) to configuration.
Adding game mode traitor (traitor) to configuration.
Adding game mode cult (cult) to configuration.
Adding game mode extended (extended) to configuration.
Adding game mode gang war (gang) to configuration.
Adding game mode hand of god (handofgod) to configuration.
Adding game mode meteor (meteor) to configuration.
Adding game mode abduction (abduction) to configuration.
Adding game mode monkey (monkey) to configuration.
Adding game mode nuclear emergency (nuclear) to configuration.
Adding game mode revolution (revolution) to configuration.
Adding game mode sandbox (sandbox) to configuration.
Adding game mode shadowling (shadowling) to configuration.
Adding game mode very ragin' bullshit mages (veryraginbullshitmages) to configuration.
Adding game mode ragin' mages (raginmages) to configuration.
Adding game mode wizard (wizard) to configuration.
Unknown game mode probability configuration definition: malfunction.
Unknown continuous configuration definition: malfunction.
Unknown midround antagonist configuration definition: malfunction.
Saved mode is 'extended'
[12:23:02]ADMIN: Loading appearance_rank
[12:23:02]ADMIN: appearance_keylist was empty
[12:23:02]ADMIN: Loading Banlist
[12:23:04]ACCESS: Login: GeroldMcCoy007/(GeroldMcCoy007) from 127.0.0.1-3967634914 || BYOND v509
[12:23:13]GAME: SQL ERROR obtaining jobbans. Error : [not connected]

[12:23:31]ADMIN: GeroldMcCoy007 has started the game.
[12:23:34]ACCESS: Logout: *no key*/(GeroldMcCoy007)
[12:23:34]ACCESS: Login: GeroldMcCoy007/(Gerold McCoy) from 127.0.0.1-3967634914 || BYOND v509
[12:23:36]GAME: Explosion with size (-1, -1, 1, 0) in area Mine (29,182,5)
[12:23:38]SAY: Prison Ofitser/ : Engaging patrol mode.
[12:23:42]SAY: Prison Ofitser/ : Engaging patrol mode.
[12:23:46]SAY: Prison Ofitser/ : Engaging patrol mode.
[12:23:50]SAY: Prison Ofitser/ : Engaging patrol mode.
[12:23:52]SAY: Prison Ofitser/ : Unable to start patrol.
[12:24:16]EMOTE: Gerold McCoy/GeroldMcCoy007 : <B>Gerold McCoy</B> gasps!
[12:24:46]SAY: Medibot/ : Delicious!
[12:26:21]SAY: Medibot/ : What kind of medbay is this? Everyone&#39;s dropping like dead flies.
[12:26:49]SAY: Medibot/ : What kind of medbay is this? Everyone&#39;s dropping like dead flies.
[12:29:09]EMOTE: mouse/ : <B>The mouse</B> runs in a circle.
[12:29:25]ACCESS: Logout: GeroldMcCoy007[DC]/(Gerold McCoy)


Starting up. 12:46.49
---------------------
Adding game mode blob (blob) to configuration.
Adding game mode changeling (changeling) to configuration.
Adding game mode traitor+changeling (traitorchan) to configuration.
Adding game mode double agents (double_agents) to configuration.
Adding game mode traitor (traitor) to configuration.
Adding game mode cult (cult) to configuration.
Adding game mode extended (extended) to configuration.
Adding game mode gang war (gang) to configuration.
Adding game mode hand of god (handofgod) to configuration.
Adding game mode meteor (meteor) to configuration.
Adding game mode abduction (abduction) to configuration.
Adding game mode monkey (monkey) to configuration.
Adding game mode nuclear emergency (nuclear) to configuration.
Adding game mode revolution (revolution) to configuration.
Adding game mode sandbox (sandbox) to configuration.
Adding game mode shadowling (shadowling) to configuration.
Adding game mode very ragin' bullshit mages (veryraginbullshitmages) to configuration.
Adding game mode ragin' mages (raginmages) to configuration.
Adding game mode wizard (wizard) to configuration.
Unknown game mode probability configuration definition: malfunction.
Unknown continuous configuration definition: malfunction.
Unknown midround antagonist configuration definition: malfunction.
Saved mode is 'extended'
[12:46:49]ADMIN: Loading appearance_rank
[12:46:49]ADMIN: appearance_keylist was empty
[12:46:49]ADMIN: Loading Banlist
[12:48:21]ACCESS: Login: GeroldMcCoy007/(GeroldMcCoy007) from 127.0.0.1-3967634914 || BYOND v509
[12:48:27]ADMIN: GeroldMcCoy007 has started the game.
[12:48:29]GAME: SQL ERROR obtaining jobbans. Error : [not connected]

[12:48:29]ACCESS: Logout: *no key*/(GeroldMcCoy007)
[12:48:29]ACCESS: Login: GeroldMcCoy007/(Gerold McCoy) from 127.0.0.1-3967634914 || BYOND v509
[12:48:34]SAY: Prison Ofitser/ : Engaging patrol mode.
[12:48:38]SAY: Prison Ofitser/ : Engaging patrol mode.
[12:48:42]SAY: Prison Ofitser/ : Engaging patrol mode.
[12:48:46]SAY: Prison Ofitser/ : Engaging patrol mode.
[12:48:48]SAY: Prison Ofitser/ : Unable to start patrol.
[12:49:00]SAY: Medibot/ : I knew it, I should&#39;ve been a plastic surgeon.
[12:51:02]SAY: mouse/ : Squeek!
[12:51:56]ACCESS: Logout: GeroldMcCoy007[DC]/(Gerold McCoy)


Starting up. 13:04.03
---------------------
Adding game mode blob (blob) to configuration.
Adding game mode changeling (changeling) to configuration.
Adding game mode traitor+changeling (traitorchan) to configuration.
Adding game mode double agents (double_agents) to configuration.
Adding game mode traitor (traitor) to configuration.
Adding game mode cult (cult) to configuration.
Adding game mode extended (extended) to configuration.
Adding game mode gang war (gang) to configuration.
Adding game mode hand of god (handofgod) to configuration.
Adding game mode meteor (meteor) to configuration.
Adding game mode abduction (abduction) to configuration.
Adding game mode monkey (monkey) to configuration.
Adding game mode nuclear emergency (nuclear) to configuration.
Adding game mode revolution (revolution) to configuration.
Adding game mode sandbox (sandbox) to configuration.
Adding game mode shadowling (shadowling) to configuration.
Adding game mode very ragin' bullshit mages (veryraginbullshitmages) to configuration.
Adding game mode ragin' mages (raginmages) to configuration.
Adding game mode wizard (wizard) to configuration.
Unknown game mode probability configuration definition: malfunction.
Unknown continuous configuration definition: malfunction.
Unknown midround antagonist configuration definition: malfunction.
Saved mode is 'extended'
[13:04:03]ADMIN: Loading appearance_rank
[13:04:03]ADMIN: appearance_keylist was empty
[13:04:03]ADMIN: Loading Banlist
[13:04:27]ACCESS: Login: GeroldMcCoy007/(GeroldMcCoy007) from 127.0.0.1-3967634914 || BYOND v509
[13:04:34]ADMIN: GeroldMcCoy007 has started the game.
[13:04:37]GAME: SQL ERROR obtaining jobbans. Error : [not connected]

[13:04:37]ACCESS: Logout: *no key*/(GeroldMcCoy007)
[13:04:37]ACCESS: Login: GeroldMcCoy007/(Gerold McCoy) from 127.0.0.1-3967634914 || BYOND v509
[13:04:43]SAY: Prison Ofitser/ : Engaging patrol mode.
[13:04:47]SAY: Prison Ofitser/ : Engaging patrol mode.
[13:04:51]SAY: Prison Ofitser/ : Engaging patrol mode.
[13:04:55]SAY: Prison Ofitser/ : Engaging patrol mode.
[13:04:57]SAY: Prison Ofitser/ : Unable to start patrol.
[13:06:49]EMOTE: mouse/ : <B>The mouse</B> runs in a circle.
[13:08:14]ACCESS: Logout: GeroldMcCoy007[DC]/(Gerold McCoy)


Starting up. 13:37.15
---------------------
Adding game mode blob (blob) to configuration.
Adding game mode changeling (changeling) to configuration.
Adding game mode traitor+changeling (traitorchan) to configuration.
Adding game mode double agents (double_agents) to configuration.
Adding game mode traitor (traitor) to configuration.
Adding game mode cult (cult) to configuration.
Adding game mode extended (extended) to configuration.
Adding game mode gang war (gang) to configuration.
Adding game mode hand of god (handofgod) to configuration.
Adding game mode meteor (meteor) to configuration.
Adding game mode abduction (abduction) to configuration.
Adding game mode monkey (monkey) to configuration.
Adding game mode nuclear emergency (nuclear) to configuration.
Adding game mode revolution (revolution) to configuration.
Adding game mode sandbox (sandbox) to configuration.
Adding game mode shadowling (shadowling) to configuration.
Adding game mode very ragin' bullshit mages (veryraginbullshitmages) to configuration.
Adding game mode ragin' mages (raginmages) to configuration.
Adding game mode wizard (wizard) to configuration.
Unknown game mode probability configuration definition: malfunction.
Unknown continuous configuration definition: malfunction.
Unknown midround antagonist configuration definition: malfunction.
Saved mode is 'extended'
[13:37:15]ADMIN: Loading appearance_rank
[13:37:15]ADMIN: appearance_keylist was empty
[13:37:15]ADMIN: Loading Banlist
[13:37:37]ACCESS: Login: GeroldMcCoy007/(GeroldMcCoy007) from 127.0.0.1-3967634914 || BYOND v509
[13:37:49]ADMIN: GeroldMcCoy007 has started the game.
[13:37:51]GAME: SQL ERROR obtaining jobbans. Error : [not connected]

[13:37:51]ACCESS: Logout: *no key*/(GeroldMcCoy007)
[13:37:51]ACCESS: Login: GeroldMcCoy007/(Gerold McCoy) from 127.0.0.1-3967634914 || BYOND v509
[13:37:57]SAY: Prison Ofitser/ : Engaging patrol mode.
[13:38:02]SAY: Prison Ofitser/ : Engaging patrol mode.
[13:38:04]ADMIN: GeroldMcCoy007/(Gerold McCoy) has modified world.fps to 16
[13:38:06]SAY: Prison Ofitser/ : Engaging patrol mode.
[13:38:10]SAY: Prison Ofitser/ : Engaging patrol mode.
[13:38:12]SAY: Prison Ofitser/ : Unable to start patrol.
[13:38:46]SAY: mouse/ : SQUEEK!
[13:39:14]SAY: Medibot/ : What kind of medbay is this? Everyone&#39;s dropping like dead flies.
[13:40:18]SAY: mouse/ : Squeek!
[13:42:30]SAY: Medibot/ : Radar, put a mask on!
[13:43:42]EMOTE: mouse/ : <B>The mouse</B> runs in a circle.
[13:44:43]GAME: Random Event triggering: Minor Space Dust (/datum/round_event/meteor_wave/dust)
[13:44:53]ACCESS: Logout: GeroldMcCoy007[DC]/(Gerold McCoy)


Starting up. 15:18.18
---------------------
Adding game mode blob (blob) to configuration.
Adding game mode changeling (changeling) to configuration.
Adding game mode traitor+changeling (traitorchan) to configuration.
Adding game mode double agents (double_agents) to configuration.
Adding game mode traitor (traitor) to configuration.
Adding game mode cult (cult) to configuration.
Adding game mode extended (extended) to configuration.
Adding game mode gang war (gang) to configuration.
Adding game mode hand of god (handofgod) to configuration.
Adding game mode meteor (meteor) to configuration.
Adding game mode abduction (abduction) to configuration.
Adding game mode monkey (monkey) to configuration.
Adding game mode nuclear emergency (nuclear) to configuration.
Adding game mode revolution (revolution) to configuration.
Adding game mode sandbox (sandbox) to configuration.
Adding game mode shadowling (shadowling) to configuration.
Adding game mode very ragin' bullshit mages (veryraginbullshitmages) to configuration.
Adding game mode ragin' mages (raginmages) to configuration.
Adding game mode wizard (wizard) to configuration.
Unknown game mode probability configuration definition: malfunction.
Unknown continuous configuration definition: malfunction.
Unknown midround antagonist configuration definition: malfunction.
Saved mode is 'extended'
[15:18:18]ADMIN: Loading appearance_rank
[15:18:18]ADMIN: appearance_keylist was empty
[15:18:18]ADMIN: Loading Banlist
[15:18:47]ACCESS: Login: GeroldMcCoy007/(GeroldMcCoy007) from 127.0.0.1-3967634914 || BYOND v509
[15:18:55]GAME: SQL ERROR obtaining jobbans. Error : [not connected]

[15:19:14]ADMIN: GeroldMcCoy007 has started the game.
[15:19:18]ACCESS: Logout: *no key*/(GeroldMcCoy007)
[15:19:18]ACCESS: Login: GeroldMcCoy007/(Gerold McCoy) from 127.0.0.1-3967634914 || BYOND v509
[15:19:22]GAME: *null* has triggered a gibtonite deposit reaction at Mine (104, 25, 5).
[15:19:24]SAY: Prison Ofitser/ : Engaging patrol mode.
[15:19:28]SAY: Medibot/ : What kind of medbay is this? Everyone&#39;s dropping like dead flies.
[15:19:28]SAY: Prison Ofitser/ : Engaging patrol mode.
[15:19:32]SAY: Prison Ofitser/ : Engaging patrol mode.
[15:19:36]SAY: Prison Ofitser/ : Engaging patrol mode.
[15:19:38]SAY: Prison Ofitser/ : Unable to start patrol.
[15:22:34]SAY: Medibot/ : There&#39;s always a catch, and it&#39;s the best there is.
[15:22:41]ACCESS: Logout: GeroldMcCoy007[DC]/(Gerold McCoy)


Starting up. 15:34.43
---------------------
Adding game mode blob (blob) to configuration.
Adding game mode changeling (changeling) to configuration.
Adding game mode traitor+changeling (traitorchan) to configuration.
Adding game mode double agents (double_agents) to configuration.
Adding game mode traitor (traitor) to configuration.
Adding game mode cult (cult) to configuration.
Adding game mode extended (extended) to configuration.
Adding game mode gang war (gang) to configuration.
Adding game mode hand of god (handofgod) to configuration.
Adding game mode meteor (meteor) to configuration.
Adding game mode abduction (abduction) to configuration.
Adding game mode monkey (monkey) to configuration.
Adding game mode nuclear emergency (nuclear) to configuration.
Adding game mode revolution (revolution) to configuration.
Adding game mode sandbox (sandbox) to configuration.
Adding game mode shadowling (shadowling) to configuration.
Adding game mode very ragin' bullshit mages (veryraginbullshitmages) to configuration.
Adding game mode ragin' mages (raginmages) to configuration.
Adding game mode wizard (wizard) to configuration.
Unknown game mode probability configuration definition: malfunction.
Unknown continuous configuration definition: malfunction.
Unknown midround antagonist configuration definition: malfunction.
Saved mode is 'extended'
[15:34:43]ADMIN: Loading appearance_rank
[15:34:43]ADMIN: appearance_keylist was empty
[15:34:43]ADMIN: Loading Banlist
[15:35:19]ACCESS: Login: GeroldMcCoy007/(GeroldMcCoy007) from 127.0.0.1-3967634914 || BYOND v509
[15:35:24]ADMIN: GeroldMcCoy007 has started the game.
[15:35:27]GAME: SQL ERROR obtaining jobbans. Error : [not connected]

[15:35:27]ACCESS: Logout: *no key*/(GeroldMcCoy007)
[15:35:27]ACCESS: Login: GeroldMcCoy007/(Gerold McCoy) from 127.0.0.1-3967634914 || BYOND v509
[15:35:32]GAME: *null* has triggered a gibtonite deposit reaction at Mine (104, 25, 5).
[15:35:32]GAME: *null* has triggered a gibtonite deposit reaction at Mine (104, 25, 5).
[15:35:34]SAY: Prison Ofitser/ : Engaging patrol mode.
[15:35:37]SAY: Prison Ofitser/ : Engaging patrol mode.
[15:35:41]SAY: Prison Ofitser/ : Engaging patrol mode.
[15:35:45]SAY: Prison Ofitser/ : Engaging patrol mode.
[15:35:47]SAY: Prison Ofitser/ : Unable to start patrol.
[15:36:11]SAY: Medibot/ : What kind of medbay is this? Everyone&#39;s dropping like dead flies.
[15:39:15]ACCESS: Logout: GeroldMcCoy007[DC]/(Gerold McCoy)


Starting up. 15:48.34
---------------------
Adding game mode blob (blob) to configuration.
Adding game mode changeling (changeling) to configuration.
Adding game mode traitor+changeling (traitorchan) to configuration.
Adding game mode double agents (double_agents) to configuration.
Adding game mode traitor (traitor) to configuration.
Adding game mode cult (cult) to configuration.
Adding game mode extended (extended) to configuration.
Adding game mode gang war (gang) to configuration.
Adding game mode hand of god (handofgod) to configuration.
Adding game mode meteor (meteor) to configuration.
Adding game mode abduction (abduction) to configuration.
Adding game mode monkey (monkey) to configuration.
Adding game mode nuclear emergency (nuclear) to configuration.
Adding game mode revolution (revolution) to configuration.
Adding game mode sandbox (sandbox) to configuration.
Adding game mode shadowling (shadowling) to configuration.
Adding game mode very ragin' bullshit mages (veryraginbullshitmages) to configuration.
Adding game mode ragin' mages (raginmages) to configuration.
Adding game mode wizard (wizard) to configuration.
Unknown game mode probability configuration definition: malfunction.
Unknown continuous configuration definition: malfunction.
Unknown midround antagonist configuration definition: malfunction.
Saved mode is 'extended'
[15:48:34]ADMIN: Loading appearance_rank
[15:48:34]ADMIN: appearance_keylist was empty
[15:48:34]ADMIN: Loading Banlist
[15:49:01]ACCESS: Login: GeroldMcCoy007/(GeroldMcCoy007) from 127.0.0.1-3967634914 || BYOND v509
[15:49:06]ADMIN: GeroldMcCoy007 has started the game.
[15:49:09]GAME: SQL ERROR obtaining jobbans. Error : [not connected]

[15:49:09]ACCESS: Logout: *no key*/(GeroldMcCoy007)
[15:49:09]ACCESS: Login: GeroldMcCoy007/(Gerold McCoy) from 127.0.0.1-3967634914 || BYOND v509
[15:49:13]GAME: Explosion with size (-1, -1, 1, 0) in area Mine (102,144,5)
[15:49:14]SAY: Prison Ofitser/ : Engaging patrol mode.
[15:49:19]SAY: Prison Ofitser/ : Engaging patrol mode.
[15:49:23]SAY: Prison Ofitser/ : Engaging patrol mode.
[15:49:27]SAY: Prison Ofitser/ : Engaging patrol mode.
[15:49:29]SAY: Prison Ofitser/ : Unable to start patrol.
[15:49:52]ACCESS: Logout: GeroldMcCoy007[DC]/(Gerold McCoy)


Starting up. 15:54.12
---------------------
Adding game mode blob (blob) to configuration.
Adding game mode changeling (changeling) to configuration.
Adding game mode traitor+changeling (traitorchan) to configuration.
Adding game mode double agents (double_agents) to configuration.
Adding game mode traitor (traitor) to configuration.
Adding game mode cult (cult) to configuration.
Adding game mode extended (extended) to configuration.
Adding game mode gang war (gang) to configuration.
Adding game mode hand of god (handofgod) to configuration.
Adding game mode meteor (meteor) to configuration.
Adding game mode abduction (abduction) to configuration.
Adding game mode monkey (monkey) to configuration.
Adding game mode nuclear emergency (nuclear) to configuration.
Adding game mode revolution (revolution) to configuration.
Adding game mode sandbox (sandbox) to configuration.
Adding game mode shadowling (shadowling) to configuration.
Adding game mode very ragin' bullshit mages (veryraginbullshitmages) to configuration.
Adding game mode ragin' mages (raginmages) to configuration.
Adding game mode wizard (wizard) to configuration.
Unknown game mode probability configuration definition: malfunction.
Unknown continuous configuration definition: malfunction.
Unknown midround antagonist configuration definition: malfunction.
Saved mode is 'extended'
[15:54:13]ADMIN: Loading appearance_rank
[15:54:13]ADMIN: appearance_keylist was empty
[15:54:13]ADMIN: Loading Banlist
[15:54:38]ACCESS: Login: GeroldMcCoy007/(GeroldMcCoy007) from 127.0.0.1-3967634914 || BYOND v509
[15:54:44]ADMIN: GeroldMcCoy007 has started the game.
[15:54:48]GAME: SQL ERROR obtaining jobbans. Error : [not connected]

[15:54:48]ACCESS: Logout: *no key*/(GeroldMcCoy007)
[15:54:48]ACCESS: Login: GeroldMcCoy007/(Gerold McCoy) from 127.0.0.1-3967634914 || BYOND v509
[15:54:54]SAY: Prison Ofitser/ : Engaging patrol mode.
[15:54:58]SAY: Prison Ofitser/ : Engaging patrol mode.
[15:55:02]SAY: Prison Ofitser/ : Engaging patrol mode.
[15:55:06]SAY: Prison Ofitser/ : Engaging patrol mode.
[15:55:08]SAY: Prison Ofitser/ : Unable to start patrol.
[15:55:48]SAY: Medibot/ : I knew it, I should&#39;ve been a plastic surgeon.
[15:56:08]SAY: mouse/ : Squeek!
[15:56:52]EMOTE: mouse/ : <B>The mouse</B> runs in a circle.
[15:57:44]ACCESS: Logout: GeroldMcCoy007[DC]/(Gerold McCoy)


Starting up. 16:22.50
---------------------
Adding game mode blob (blob) to configuration.
Adding game mode changeling (changeling) to configuration.
Adding game mode traitor+changeling (traitorchan) to configuration.
Adding game mode double agents (double_agents) to configuration.
Adding game mode traitor (traitor) to configuration.
Adding game mode cult (cult) to configuration.
Adding game mode extended (extended) to configuration.
Adding game mode gang war (gang) to configuration.
Adding game mode hand of god (handofgod) to configuration.
Adding game mode meteor (meteor) to configuration.
Adding game mode abduction (abduction) to configuration.
Adding game mode monkey (monkey) to configuration.
Adding game mode nuclear emergency (nuclear) to configuration.
Adding game mode revolution (revolution) to configuration.
Adding game mode sandbox (sandbox) to configuration.
Adding game mode shadowling (shadowling) to configuration.
Adding game mode very ragin' bullshit mages (veryraginbullshitmages) to configuration.
Adding game mode ragin' mages (raginmages) to configuration.
Adding game mode wizard (wizard) to configuration.
Unknown game mode probability configuration definition: malfunction.
Unknown continuous configuration definition: malfunction.
Unknown midround antagonist configuration definition: malfunction.
Saved mode is 'extended'
[16:22:50]ADMIN: Loading appearance_rank
[16:22:50]ADMIN: appearance_keylist was empty
[16:22:50]ADMIN: Loading Banlist
[16:23:15]ACCESS: Login: GeroldMcCoy007/(GeroldMcCoy007) from 127.0.0.1-3967634914 || BYOND v509
[16:23:15]ACCESS: Logout: GeroldMcCoy007[DC]/(GeroldMcCoy007)
[16:23:15]ACCESS: Login: GeroldMcCoy007/(GeroldMcCoy007) from 127.0.0.1-3967634914 || BYOND v509
[16:23:21]ACCESS: Logout: GeroldMcCoy007[DC]/(GeroldMcCoy007)
[16:23:29]ACCESS: Login: GeroldMcCoy007/(GeroldMcCoy007) from 127.0.0.1-3967634914 || BYOND v509
[16:23:35]ADMIN: GeroldMcCoy007 has started the game.
[16:23:38]GAME: SQL ERROR obtaining jobbans. Error : [not connected]

[16:23:39]ACCESS: Logout: *no key*/(GeroldMcCoy007)
[16:23:39]ACCESS: Login: GeroldMcCoy007/(Gerold McCoy) from 127.0.0.1-3967634914 || BYOND v509
[16:23:39]GAME: Explosion with size (-1, -1, 1, 0) in area Mine (61,67,5)
[16:23:43]SAY: Prison Ofitser/ : Engaging patrol mode.
[16:23:47]SAY: Prison Ofitser/ : Engaging patrol mode.
[16:23:51]SAY: Prison Ofitser/ : Engaging patrol mode.
[16:23:55]SAY: Prison Ofitser/ : Engaging patrol mode.
[16:23:57]SAY: Prison Ofitser/ : Unable to start patrol.
[16:24:28]ACCESS: Logout: GeroldMcCoy007[DC]/(Gerold McCoy)


Starting up. 16:27.38
---------------------
Adding game mode blob (blob) to configuration.
Adding game mode changeling (changeling) to configuration.
Adding game mode traitor+changeling (traitorchan) to configuration.
Adding game mode double agents (double_agents) to configuration.
Adding game mode traitor (traitor) to configuration.
Adding game mode cult (cult) to configuration.
Adding game mode extended (extended) to configuration.
Adding game mode gang war (gang) to configuration.
Adding game mode hand of god (handofgod) to configuration.
Adding game mode meteor (meteor) to configuration.
Adding game mode abduction (abduction) to configuration.
Adding game mode monkey (monkey) to configuration.
Adding game mode nuclear emergency (nuclear) to configuration.
Adding game mode revolution (revolution) to configuration.
Adding game mode sandbox (sandbox) to configuration.
Adding game mode shadowling (shadowling) to configuration.
Adding game mode very ragin' bullshit mages (veryraginbullshitmages) to configuration.
Adding game mode ragin' mages (raginmages) to configuration.
Adding game mode wizard (wizard) to configuration.
Unknown game mode probability configuration definition: malfunction.
Unknown continuous configuration definition: malfunction.
Unknown midround antagonist configuration definition: malfunction.
Saved mode is 'extended'
[16:27:38]ADMIN: Loading appearance_rank
[16:27:38]ADMIN: appearance_keylist was empty
[16:27:38]ADMIN: Loading Banlist
[16:28:02]ACCESS: Login: GeroldMcCoy007/(GeroldMcCoy007) from 127.0.0.1-3967634914 || BYOND v509
[16:28:10]ADMIN: GeroldMcCoy007 has started the game.
[16:28:12]GAME: SQL ERROR obtaining jobbans. Error : [not connected]

[16:28:12]ACCESS: Logout: *no key*/(GeroldMcCoy007)
[16:28:12]ACCESS: Login: GeroldMcCoy007/(Gerold McCoy) from 127.0.0.1-3967634914 || BYOND v509
[16:28:16]SAY: Prison Ofitser/ : Engaging patrol mode.
[16:28:20]SAY: Prison Ofitser/ : Engaging patrol mode.
[16:28:25]SAY: Prison Ofitser/ : Engaging patrol mode.
[16:28:29]SAY: Prison Ofitser/ : Engaging patrol mode.
[16:28:29]EMOTE: space cat/ : <B>The space cat</B> twitches its whiskers.
[16:28:31]SAY: Prison Ofitser/ : Unable to start patrol.
[16:28:33]EMOTE: space cat/ : <B>The space cat</B> shakes its head
[16:28:39]ACCESS: Logout: GeroldMcCoy007[DC]/(Gerold McCoy)


Starting up. 16:33.22
---------------------
Adding game mode blob (blob) to configuration.
Adding game mode changeling (changeling) to configuration.
Adding game mode traitor+changeling (traitorchan) to configuration.
Adding game mode double agents (double_agents) to configuration.
Adding game mode traitor (traitor) to configuration.
Adding game mode cult (cult) to configuration.
Adding game mode extended (extended) to configuration.
Adding game mode gang war (gang) to configuration.
Adding game mode hand of god (handofgod) to configuration.
Adding game mode meteor (meteor) to configuration.
Adding game mode abduction (abduction) to configuration.
Adding game mode monkey (monkey) to configuration.
Adding game mode nuclear emergency (nuclear) to configuration.
Adding game mode revolution (revolution) to configuration.
Adding game mode sandbox (sandbox) to configuration.
Adding game mode shadowling (shadowling) to configuration.
Adding game mode very ragin' bullshit mages (veryraginbullshitmages) to configuration.
Adding game mode ragin' mages (raginmages) to configuration.
Adding game mode wizard (wizard) to configuration.
Unknown game mode probability configuration definition: malfunction.
Unknown continuous configuration definition: malfunction.
Unknown midround antagonist configuration definition: malfunction.
Saved mode is 'extended'
[16:33:22]ADMIN: Loading appearance_rank
[16:33:22]ADMIN: appearance_keylist was empty
[16:33:22]ADMIN: Loading Banlist
[16:33:49]ACCESS: Login: GeroldMcCoy007/(GeroldMcCoy007) from 127.0.0.1-3967634914 || BYOND v509
[16:33:55]ADMIN: GeroldMcCoy007 has started the game.
[16:33:57]GAME: SQL ERROR obtaining jobbans. Error : [not connected]

[16:33:57]ACCESS: Logout: *no key*/(GeroldMcCoy007)
[16:33:57]ACCESS: Login: GeroldMcCoy007/(Gerold McCoy) from 127.0.0.1-3967634914 || BYOND v509
[16:34:03]SAY: Prison Ofitser/ : Engaging patrol mode.
[16:34:07]SAY: Prison Ofitser/ : Engaging patrol mode.
[16:34:10]SAY: Prison Ofitser/ : Engaging patrol mode.
[16:34:14]SAY: Prison Ofitser/ : Engaging patrol mode.
[16:34:16]SAY: Prison Ofitser/ : Unable to start patrol.
[16:34:26]ACCESS: Logout: GeroldMcCoy007[DC]/(Gerold McCoy)


Starting up. 16:37.23
---------------------
Adding game mode blob (blob) to configuration.
Adding game mode changeling (changeling) to configuration.
Adding game mode traitor+changeling (traitorchan) to configuration.
Adding game mode double agents (double_agents) to configuration.
Adding game mode traitor (traitor) to configuration.
Adding game mode cult (cult) to configuration.
Adding game mode extended (extended) to configuration.
Adding game mode gang war (gang) to configuration.
Adding game mode hand of god (handofgod) to configuration.
Adding game mode meteor (meteor) to configuration.
Adding game mode abduction (abduction) to configuration.
Adding game mode monkey (monkey) to configuration.
Adding game mode nuclear emergency (nuclear) to configuration.
Adding game mode revolution (revolution) to configuration.
Adding game mode sandbox (sandbox) to configuration.
Adding game mode shadowling (shadowling) to configuration.
Adding game mode very ragin' bullshit mages (veryraginbullshitmages) to configuration.
Adding game mode ragin' mages (raginmages) to configuration.
Adding game mode wizard (wizard) to configuration.
Unknown game mode probability configuration definition: malfunction.
Unknown continuous configuration definition: malfunction.
Unknown midround antagonist configuration definition: malfunction.
Saved mode is 'extended'
[16:37:23]ADMIN: Loading appearance_rank
[16:37:23]ADMIN: appearance_keylist was empty
[16:37:23]ADMIN: Loading Banlist
[16:38:17]ACCESS: Login: GeroldMcCoy007/(GeroldMcCoy007) from 127.0.0.1-3967634914 || BYOND v509
[16:38:24]ADMIN: GeroldMcCoy007 has started the game.
[16:38:27]GAME: SQL ERROR obtaining jobbans. Error : [not connected]

[16:38:27]ACCESS: Logout: *no key*/(GeroldMcCoy007)
[16:38:27]ACCESS: Login: GeroldMcCoy007/(Gerold McCoy) from 127.0.0.1-3967634914 || BYOND v509
[16:38:31]GAME: Explosion with size (-1, -1, 1, 0) in area Mine (29,182,5)
[16:38:32]SAY: Prison Ofitser/ : Engaging patrol mode.
[16:38:37]SAY: Prison Ofitser/ : Engaging patrol mode.
[16:38:41]SAY: Prison Ofitser/ : Engaging patrol mode.
[16:38:45]SAY: Prison Ofitser/ : Engaging patrol mode.
[16:38:47]SAY: Prison Ofitser/ : Unable to start patrol.
[16:38:54]ACCESS: Logout: GeroldMcCoy007[DC]/(Gerold McCoy)


Starting up. 16:50.30
---------------------
Adding game mode blob (blob) to configuration.
Adding game mode changeling (changeling) to configuration.
Adding game mode traitor+changeling (traitorchan) to configuration.
Adding game mode double agents (double_agents) to configuration.
Adding game mode traitor (traitor) to configuration.
Adding game mode cult (cult) to configuration.
Adding game mode extended (extended) to configuration.
Adding game mode gang war (gang) to configuration.
Adding game mode hand of god (handofgod) to configuration.
Adding game mode meteor (meteor) to configuration.
Adding game mode abduction (abduction) to configuration.
Adding game mode monkey (monkey) to configuration.
Adding game mode nuclear emergency (nuclear) to configuration.
Adding game mode revolution (revolution) to configuration.
Adding game mode sandbox (sandbox) to configuration.
Adding game mode shadowling (shadowling) to configuration.
Adding game mode very ragin' bullshit mages (veryraginbullshitmages) to configuration.
Adding game mode ragin' mages (raginmages) to configuration.
Adding game mode wizard (wizard) to configuration.
Unknown game mode probability configuration definition: malfunction.
Unknown continuous configuration definition: malfunction.
Unknown midround antagonist configuration definition: malfunction.
Saved mode is 'extended'
[16:50:30]ADMIN: Loading appearance_rank
[16:50:31]ADMIN: appearance_keylist was empty
[16:50:31]ADMIN: Loading Banlist
[16:50:58]ACCESS: Login: GeroldMcCoy007/(GeroldMcCoy007) from 127.0.0.1-3967634914 || BYOND v509
[16:51:04]ADMIN: GeroldMcCoy007 has started the game.
[16:51:06]GAME: SQL ERROR obtaining jobbans. Error : [not connected]

[16:51:06]ACCESS: Logout: *no key*/(GeroldMcCoy007)
[16:51:06]ACCESS: Login: GeroldMcCoy007/(Gerold McCoy) from 127.0.0.1-3967634914 || BYOND v509
[16:51:12]SAY: Prison Ofitser/ : Engaging patrol mode.
[16:51:16]SAY: Prison Ofitser/ : Engaging patrol mode.
[16:51:21]SAY: Prison Ofitser/ : Engaging patrol mode.
[16:51:25]SAY: Prison Ofitser/ : Engaging patrol mode.
[16:51:27]SAY: mouse/ : Squeek?
[16:51:27]SAY: Prison Ofitser/ : Unable to start patrol.
[16:51:33]ACCESS: Logout: GeroldMcCoy007[DC]/(Gerold McCoy)


Starting up. 16:56.47
---------------------
Adding game mode blob (blob) to configuration.
Adding game mode changeling (changeling) to configuration.
Adding game mode traitor+changeling (traitorchan) to configuration.
Adding game mode double agents (double_agents) to configuration.
Adding game mode traitor (traitor) to configuration.
Adding game mode cult (cult) to configuration.
Adding game mode extended (extended) to configuration.
Adding game mode gang war (gang) to configuration.
Adding game mode hand of god (handofgod) to configuration.
Adding game mode meteor (meteor) to configuration.
Adding game mode abduction (abduction) to configuration.
Adding game mode monkey (monkey) to configuration.
Adding game mode nuclear emergency (nuclear) to configuration.
Adding game mode revolution (revolution) to configuration.
Adding game mode sandbox (sandbox) to configuration.
Adding game mode shadowling (shadowling) to configuration.
Adding game mode very ragin' bullshit mages (veryraginbullshitmages) to configuration.
Adding game mode ragin' mages (raginmages) to configuration.
Adding game mode wizard (wizard) to configuration.
Unknown game mode probability configuration definition: malfunction.
Unknown continuous configuration definition: malfunction.
Unknown midround antagonist configuration definition: malfunction.
Saved mode is 'extended'
[16:56:47]ADMIN: Loading appearance_rank
[16:56:47]ADMIN: appearance_keylist was empty
[16:56:47]ADMIN: Loading Banlist
[16:57:06]ACCESS: Login: GeroldMcCoy007/(GeroldMcCoy007) from 127.0.0.1-3967634914 || BYOND v509
[16:57:14]ADMIN: GeroldMcCoy007 has started the game.
[16:57:16]GAME: SQL ERROR obtaining jobbans. Error : [not connected]

[16:57:16]ACCESS: Logout: *no key*/(GeroldMcCoy007)
[16:57:16]ACCESS: Login: GeroldMcCoy007/(Gerold McCoy) from 127.0.0.1-3967634914 || BYOND v509
[16:57:23]SAY: Prison Ofitser/ : Engaging patrol mode.
[16:57:27]SAY: Prison Ofitser/ : Engaging patrol mode.
[16:57:31]SAY: Prison Ofitser/ : Engaging patrol mode.
[16:57:35]SAY: Prison Ofitser/ : Engaging patrol mode.
[16:57:37]SAY: Prison Ofitser/ : Unable to start patrol.
[16:57:38]ACCESS: Logout: GeroldMcCoy007[DC]/(Gerold McCoy)


Starting up. 17:01.22
---------------------
Adding game mode blob (blob) to configuration.
Adding game mode changeling (changeling) to configuration.
Adding game mode traitor+changeling (traitorchan) to configuration.
Adding game mode double agents (double_agents) to configuration.
Adding game mode traitor (traitor) to configuration.
Adding game mode cult (cult) to configuration.
Adding game mode extended (extended) to configuration.
Adding game mode gang war (gang) to configuration.
Adding game mode hand of god (handofgod) to configuration.
Adding game mode meteor (meteor) to configuration.
Adding game mode abduction (abduction) to configuration.
Adding game mode monkey (monkey) to configuration.
Adding game mode nuclear emergency (nuclear) to configuration.
Adding game mode revolution (revolution) to configuration.
Adding game mode sandbox (sandbox) to configuration.
Adding game mode shadowling (shadowling) to configuration.
Adding game mode very ragin' bullshit mages (veryraginbullshitmages) to configuration.
Adding game mode ragin' mages (raginmages) to configuration.
Adding game mode wizard (wizard) to configuration.
Unknown game mode probability configuration definition: malfunction.
Unknown continuous configuration definition: malfunction.
Unknown midround antagonist configuration definition: malfunction.
Saved mode is 'extended'
[17:01:22]ADMIN: Loading appearance_rank
[17:01:22]ADMIN: appearance_keylist was empty
[17:01:22]ADMIN: Loading Banlist
[17:01:48]ACCESS: Login: GeroldMcCoy007/(GeroldMcCoy007) from 127.0.0.1-3967634914 || BYOND v509
[17:01:53]ADMIN: GeroldMcCoy007 has started the game.
[17:01:56]GAME: SQL ERROR obtaining jobbans. Error : [not connected]

[17:01:56]ACCESS: Logout: *no key*/(GeroldMcCoy007)
[17:01:56]ACCESS: Login: GeroldMcCoy007/(Gerold McCoy) from 127.0.0.1-3967634914 || BYOND v509
[17:02:02]SAY: Prison Ofitser/ : Engaging patrol mode.
[17:02:06]SAY: Prison Ofitser/ : Engaging patrol mode.
[17:02:08]SAY: Medibot/ : What kind of medbay is this? Everyone&#39;s dropping like dead flies.
[17:02:10]SAY: Prison Ofitser/ : Engaging patrol mode.
[17:02:14]SAY: Prison Ofitser/ : Engaging patrol mode.
[17:02:16]SAY: Prison Ofitser/ : Unable to start patrol.
[17:03:08]SAY: Medibot/ : Delicious!
[17:03:16]SAY: Medibot/ : What kind of medbay is this? Everyone&#39;s dropping like dead flies.
[17:04:50]SAY: Medibot/ : Radar, put a mask on!
[17:05:56]ACCESS: Logout: GeroldMcCoy007[DC]/(Gerold McCoy)
